<?xml version="1.0" encoding="UTF-8"?>
<!-- Generated by org.testng.reporters.JUnitXMLReporter -->
<testsuite ignored="0" hostname="LAPTOP-VFKJ2SC9" failures="0" tests="4" name="Test" time="141.419" errors="0" timestamp="2023-07-22T21:52:00 IST">
  <testcase classname="Client.ClientAccountCreation" name="AccountCreationWith_FreeClassPack" time="15.655"/>
  <testcase classname="Client.ClientAccountCreation" name="AccountCreationWith_NoPackage" time="39.107"/>
  <testcase classname="Client.ClientAccountCreation" name="AccountCreationWith_PurchaseClassPack" time="17.676"/>
  <testcase classname="Client.ClientAccountCreation" name="AccountCreationWith_PurchaseMembership" time="18.456"/>
</testsuite> <!-- Test -->
