<?xml version="1.0" encoding="UTF-8"?>
<!-- Generated by org.testng.reporters.JUnitXMLReporter -->
<testsuite ignored="0" hostname="LAPTOP-VFKJ2SC9" failures="2" tests="7" name="Test" time="253.02" errors="0" timestamp="2023-08-07T00:11:56 IST">
  <testcase classname="Client.ClientAccountCreation" name="@AfterMethod tearDown" time="0.008">
    <failure type="org.openqa.selenium.WebDriverException" message="disconnected: not connected to DevTools
  (failed to check if window was closed: disconnected: not connected to DevTools)
  (Session info: chrome=115.0.5790.111)
Build info: version: &amp;apos;4.10.0&amp;apos;, revision: &amp;apos;c14d967899&amp;apos;
System info: os.name: &amp;apos;Windows 10&amp;apos;, os.arch: &amp;apos;amd64&amp;apos;, os.version: &amp;apos;10.0&amp;apos;, java.version: &amp;apos;17.0.6&amp;apos;
Driver info: org.openqa.selenium.chrome.ChromeDriver
Command: [5da0310d424f77bafb37860caa7ca339, close {}]
Capabilities {acceptInsecureCerts: false, browserName: chrome, browserVersion: 115.0.5790.111, chrome: {chromedriverVersion: 115.0.5790.170 (cc0d30c2ca5..., userDataDir: C:\Users\JYOTI_~1\AppData\L...}, goog:chromeOptions: {debuggerAddress: localhost:62397}, networkConnectionEnabled: false, pageLoadStrategy: normal, platformName: windows, proxy: Proxy(), se:cdp: ws://localhost:62397/devtoo..., se:cdpVersion: 115.0.5790.111, setWindowRect: true, strictFileInteractability: false, timeouts: {implicit: 0, pageLoad: 300000, script: 30000}, unhandledPromptBehavior: dismiss and notify, webauthn:extension:credBlob: true, webauthn:extension:largeBlob: true, webauthn:extension:minPinLength: true, webauthn:extension:prf: true, webauthn:virtualAuthenticators: true}
Session ID: 5da0310d424f77bafb37860caa7ca339">
      <![CDATA[org.openqa.selenium.WebDriverException: disconnected: not connected to DevTools
  (failed to check if window was closed: disconnected: not connected to DevTools)
  (Session info: chrome=115.0.5790.111)
Build info: version: '4.10.0', revision: 'c14d967899'
System info: os.name: 'Windows 10', os.arch: 'amd64', os.version: '10.0', java.version: '17.0.6'
Driver info: org.openqa.selenium.chrome.ChromeDriver
Command: [5da0310d424f77bafb37860caa7ca339, close {}]
Capabilities {acceptInsecureCerts: false, browserName: chrome, browserVersion: 115.0.5790.111, chrome: {chromedriverVersion: 115.0.5790.170 (cc0d30c2ca5..., userDataDir: C:\Users\JYOTI_~1\AppData\L...}, goog:chromeOptions: {debuggerAddress: localhost:62397}, networkConnectionEnabled: false, pageLoadStrategy: normal, platformName: windows, proxy: Proxy(), se:cdp: ws://localhost:62397/devtoo..., se:cdpVersion: 115.0.5790.111, setWindowRect: true, strictFileInteractability: false, timeouts: {implicit: 0, pageLoad: 300000, script: 30000}, unhandledPromptBehavior: dismiss and notify, webauthn:extension:credBlob: true, webauthn:extension:largeBlob: true, webauthn:extension:minPinLength: true, webauthn:extension:prf: true, webauthn:virtualAuthenticators: true}
Session ID: 5da0310d424f77bafb37860caa7ca339
at org.openqa.selenium.remote.codec.w3c.W3CHttpResponseCodec.createException(W3CHttpResponseCodec.java:199)
at org.openqa.selenium.remote.codec.w3c.W3CHttpResponseCodec.decode(W3CHttpResponseCodec.java:132)
at org.openqa.selenium.remote.codec.w3c.W3CHttpResponseCodec.decode(W3CHttpResponseCodec.java:51)
at org.openqa.selenium.remote.HttpCommandExecutor.execute(HttpCommandExecutor.java:191)
at org.openqa.selenium.remote.service.DriverCommandExecutor.invokeExecute(DriverCommandExecutor.java:196)
at org.openqa.selenium.remote.service.DriverCommandExecutor.execute(DriverCommandExecutor.java:171)
at org.openqa.selenium.remote.RemoteWebDriver.execute(RemoteWebDriver.java:531)
at org.openqa.selenium.remote.RemoteWebDriver.execute(RemoteWebDriver.java:590)
at org.openqa.selenium.remote.RemoteWebDriver.execute(RemoteWebDriver.java:594)
at org.openqa.selenium.remote.RemoteWebDriver.close(RemoteWebDriver.java:418)
at Client.ClientAccountCreation.tearDown(ClientAccountCreation.java:418)
at java.base/java.util.ArrayList.forEach(ArrayList.java:1511)
... Removed 41 stack frames]]>
    </failure>
  </testcase> <!-- @AfterMethod tearDown -->
  <testcase classname="Client.ClientAccountCreation" name="@BeforeMethod initialize" time="0.0">
    <skipped/>
  </testcase> <!-- @BeforeMethod initialize -->
  <testcase classname="Client.ClientAccountCreation" name="@AfterMethod tearDown" time="0.0">
    <skipped/>
  </testcase> <!-- @AfterMethod tearDown -->
  <testcase classname="Client.ClientAccountCreation" name="@BeforeMethod initialize" time="0.0">
    <skipped/>
  </testcase> <!-- @BeforeMethod initialize -->
  <testcase classname="Client.ClientAccountCreation" name="@AfterMethod tearDown" time="0.0">
    <skipped/>
  </testcase> <!-- @AfterMethod tearDown -->
  <testcase classname="Client.ClientAccountCreation" name="AccountCreationWith_NoPackage" time="49.233"/>
  <testcase classname="Client.ClientAccountCreation" name="AccountCreationWith_FreeTrailPack" time="22.693">
    <failure type="org.openqa.selenium.ElementClickInterceptedException" message="element click intercepted: Element &amp;lt;span class=&amp;quot;MuiButton-label&amp;quot;&amp;gt;...&amp;lt;/span&amp;gt; is not clickable at point (854, 581). Other element would receive the click: &amp;lt;div class=&amp;quot;MuiGrid-root MuiGrid-item MuiGrid-grid-xs-12 MuiGrid-grid-sm-12 MuiGrid-grid-md-6&amp;quot;&amp;gt;...&amp;lt;/div&amp;gt;
  (Session info: chrome=115.0.5790.111)
Build info: version: &amp;apos;4.10.0&amp;apos;, revision: &amp;apos;c14d967899&amp;apos;
System info: os.name: &amp;apos;Windows 10&amp;apos;, os.arch: &amp;apos;amd64&amp;apos;, os.version: &amp;apos;10.0&amp;apos;, java.version: &amp;apos;17.0.6&amp;apos;
Driver info: org.openqa.selenium.chrome.ChromeDriver
Command: [62650d63a27542603546c412aa4fdcc9, clickElement {id=EBA1402D74049ECFA51306085BB3C41A_element_172}]
Capabilities {acceptInsecureCerts: false, browserName: chrome, browserVersion: 115.0.5790.111, chrome: {chromedriverVersion: 115.0.5790.170 (cc0d30c2ca5..., userDataDir: C:\Users\JYOTI_~1\AppData\L...}, goog:chromeOptions: {debuggerAddress: localhost:62249}, networkConnectionEnabled: false, pageLoadStrategy: normal, platformName: windows, proxy: Proxy(), se:cdp: ws://localhost:62249/devtoo..., se:cdpVersion: 115.0.5790.111, setWindowRect: true, strictFileInteractability: false, timeouts: {implicit: 0, pageLoad: 300000, script: 30000}, unhandledPromptBehavior: dismiss and notify, webauthn:extension:credBlob: true, webauthn:extension:largeBlob: true, webauthn:extension:minPinLength: true, webauthn:extension:prf: true, webauthn:virtualAuthenticators: true}
Element: [[ChromeDriver: chrome on windows (62650d63a27542603546c412aa4fdcc9)] -&amp;gt; xpath: //span[text()=&amp;apos;SAVE AND CONTINUE&amp;apos;]]
Session ID: 62650d63a27542603546c412aa4fdcc9">
      <![CDATA[org.openqa.selenium.ElementClickInterceptedException: element click intercepted: Element <span class="MuiButton-label">...</span> is not clickable at point (854, 581). Other element would receive the click: <div class="MuiGrid-root MuiGrid-item MuiGrid-grid-xs-12 MuiGrid-grid-sm-12 MuiGrid-grid-md-6">...</div>
  (Session info: chrome=115.0.5790.111)
Build info: version: '4.10.0', revision: 'c14d967899'
System info: os.name: 'Windows 10', os.arch: 'amd64', os.version: '10.0', java.version: '17.0.6'
Driver info: org.openqa.selenium.chrome.ChromeDriver
Command: [62650d63a27542603546c412aa4fdcc9, clickElement {id=EBA1402D74049ECFA51306085BB3C41A_element_172}]
Capabilities {acceptInsecureCerts: false, browserName: chrome, browserVersion: 115.0.5790.111, chrome: {chromedriverVersion: 115.0.5790.170 (cc0d30c2ca5..., userDataDir: C:\Users\JYOTI_~1\AppData\L...}, goog:chromeOptions: {debuggerAddress: localhost:62249}, networkConnectionEnabled: false, pageLoadStrategy: normal, platformName: windows, proxy: Proxy(), se:cdp: ws://localhost:62249/devtoo..., se:cdpVersion: 115.0.5790.111, setWindowRect: true, strictFileInteractability: false, timeouts: {implicit: 0, pageLoad: 300000, script: 30000}, unhandledPromptBehavior: dismiss and notify, webauthn:extension:credBlob: true, webauthn:extension:largeBlob: true, webauthn:extension:minPinLength: true, webauthn:extension:prf: true, webauthn:virtualAuthenticators: true}
Element: [[ChromeDriver: chrome on windows (62650d63a27542603546c412aa4fdcc9)] -> xpath: //span[text()='SAVE AND CONTINUE']]
Session ID: 62650d63a27542603546c412aa4fdcc9
at org.openqa.selenium.remote.codec.w3c.W3CHttpResponseCodec.createException(W3CHttpResponseCodec.java:199)
at org.openqa.selenium.remote.codec.w3c.W3CHttpResponseCodec.decode(W3CHttpResponseCodec.java:132)
at org.openqa.selenium.remote.codec.w3c.W3CHttpResponseCodec.decode(W3CHttpResponseCodec.java:51)
at org.openqa.selenium.remote.HttpCommandExecutor.execute(HttpCommandExecutor.java:191)
at org.openqa.selenium.remote.service.DriverCommandExecutor.invokeExecute(DriverCommandExecutor.java:196)
at org.openqa.selenium.remote.service.DriverCommandExecutor.execute(DriverCommandExecutor.java:171)
at org.openqa.selenium.remote.RemoteWebDriver.execute(RemoteWebDriver.java:531)
at org.openqa.selenium.remote.RemoteWebElement.execute(RemoteWebElement.java:242)
at org.openqa.selenium.remote.RemoteWebElement.click(RemoteWebElement.java:77)
at org.openqa.selenium.support.pagefactory.internal.LocatingElementHandler.invoke(LocatingElementHandler.java:51)
at jdk.proxy2/jdk.proxy2.$Proxy13.click(Unknown Source)
at Client.ClientAccountCreation.AccountCreationWith_FreeTrailPack(ClientAccountCreation.java:106)
at java.base/java.util.ArrayList.forEach(ArrayList.java:1511)
... Removed 39 stack frames]]>
    </failure>
  </testcase> <!-- AccountCreationWith_FreeTrailPack -->
  <testcase classname="Client.ClientAccountCreation" name="AccountCreationWith_PurchaseClassPack" time="56.344"/>
  <testcase classname="Client.ClientAccountCreation" name="AccountCreationWith_PurchaseMemPack" time="60.043"/>
  <testcase classname="Client.ClientAccountCreation" name="AccountCreationWith_PurchaseUnlimitedMem" time="16.874">
    <failure type="org.openqa.selenium.WebDriverException" message="disconnected: unable to send message to renderer
  (failed to check if window was closed: disconnected: not connected to DevTools)
  (Session info: chrome=115.0.5790.111)
Build info: version: &amp;apos;4.10.0&amp;apos;, revision: &amp;apos;c14d967899&amp;apos;
System info: os.name: &amp;apos;Windows 10&amp;apos;, os.arch: &amp;apos;amd64&amp;apos;, os.version: &amp;apos;10.0&amp;apos;, java.version: &amp;apos;17.0.6&amp;apos;
Driver info: org.openqa.selenium.chrome.ChromeDriver
Command: [5da0310d424f77bafb37860caa7ca339, sendKeysToElement {id=D1FA6E76C948F4B385D463D874C9AAFC_element_147, value=[Ljava.lang.CharSequence;@54caeadc}]
Capabilities {acceptInsecureCerts: false, browserName: chrome, browserVersion: 115.0.5790.111, chrome: {chromedriverVersion: 115.0.5790.170 (cc0d30c2ca5..., userDataDir: C:\Users\JYOTI_~1\AppData\L...}, goog:chromeOptions: {debuggerAddress: localhost:62397}, networkConnectionEnabled: false, pageLoadStrategy: normal, platformName: windows, proxy: Proxy(), se:cdp: ws://localhost:62397/devtoo..., se:cdpVersion: 115.0.5790.111, setWindowRect: true, strictFileInteractability: false, timeouts: {implicit: 0, pageLoad: 300000, script: 30000}, unhandledPromptBehavior: dismiss and notify, webauthn:extension:credBlob: true, webauthn:extension:largeBlob: true, webauthn:extension:minPinLength: true, webauthn:extension:prf: true, webauthn:virtualAuthenticators: true}
Element: [[ChromeDriver: chrome on windows (5da0310d424f77bafb37860caa7ca339)] -&amp;gt; css selector: input[name=&amp;apos;emergencyContact.lastName&amp;apos;]]
Session ID: 5da0310d424f77bafb37860caa7ca339">
      <![CDATA[org.openqa.selenium.WebDriverException: disconnected: unable to send message to renderer
  (failed to check if window was closed: disconnected: not connected to DevTools)
  (Session info: chrome=115.0.5790.111)
Build info: version: '4.10.0', revision: 'c14d967899'
System info: os.name: 'Windows 10', os.arch: 'amd64', os.version: '10.0', java.version: '17.0.6'
Driver info: org.openqa.selenium.chrome.ChromeDriver
Command: [5da0310d424f77bafb37860caa7ca339, sendKeysToElement {id=D1FA6E76C948F4B385D463D874C9AAFC_element_147, value=[Ljava.lang.CharSequence;@54caeadc}]
Capabilities {acceptInsecureCerts: false, browserName: chrome, browserVersion: 115.0.5790.111, chrome: {chromedriverVersion: 115.0.5790.170 (cc0d30c2ca5..., userDataDir: C:\Users\JYOTI_~1\AppData\L...}, goog:chromeOptions: {debuggerAddress: localhost:62397}, networkConnectionEnabled: false, pageLoadStrategy: normal, platformName: windows, proxy: Proxy(), se:cdp: ws://localhost:62397/devtoo..., se:cdpVersion: 115.0.5790.111, setWindowRect: true, strictFileInteractability: false, timeouts: {implicit: 0, pageLoad: 300000, script: 30000}, unhandledPromptBehavior: dismiss and notify, webauthn:extension:credBlob: true, webauthn:extension:largeBlob: true, webauthn:extension:minPinLength: true, webauthn:extension:prf: true, webauthn:virtualAuthenticators: true}
Element: [[ChromeDriver: chrome on windows (5da0310d424f77bafb37860caa7ca339)] -> css selector: input[name='emergencyContact.lastName']]
Session ID: 5da0310d424f77bafb37860caa7ca339
at org.openqa.selenium.remote.codec.w3c.W3CHttpResponseCodec.createException(W3CHttpResponseCodec.java:199)
at org.openqa.selenium.remote.codec.w3c.W3CHttpResponseCodec.decode(W3CHttpResponseCodec.java:132)
at org.openqa.selenium.remote.codec.w3c.W3CHttpResponseCodec.decode(W3CHttpResponseCodec.java:51)
at org.openqa.selenium.remote.HttpCommandExecutor.execute(HttpCommandExecutor.java:191)
at org.openqa.selenium.remote.service.DriverCommandExecutor.invokeExecute(DriverCommandExecutor.java:196)
at org.openqa.selenium.remote.service.DriverCommandExecutor.execute(DriverCommandExecutor.java:171)
at org.openqa.selenium.remote.RemoteWebDriver.execute(RemoteWebDriver.java:531)
at org.openqa.selenium.remote.RemoteWebElement.execute(RemoteWebElement.java:242)
at org.openqa.selenium.remote.RemoteWebElement.sendKeys(RemoteWebElement.java:111)
at org.openqa.selenium.support.pagefactory.internal.LocatingElementHandler.invoke(LocatingElementHandler.java:51)
at jdk.proxy2/jdk.proxy2.$Proxy13.sendKeys(Unknown Source)
at Client.ClientAccountCreation.AccountCreationWith_PurchaseUnlimitedMem(ClientAccountCreation.java:258)
at java.base/java.util.ArrayList.forEach(ArrayList.java:1511)
... Removed 39 stack frames]]>
    </failure>
  </testcase> <!-- AccountCreationWith_PurchaseUnlimitedMem -->
  <testcase classname="Client.ClientAccountCreation" name="AccountCreationWith_FreeFirstMonthMemPack" time="0.0">
    <skipped/>
  </testcase> <!-- AccountCreationWith_FreeFirstMonthMemPack -->
  <testcase classname="Client.ClientAccountCreation" name="AccountCreationWith_PurchaseClassAndMemPack" time="0.0">
    <skipped/>
  </testcase> <!-- AccountCreationWith_PurchaseClassAndMemPack -->
</testsuite> <!-- Test -->
