<?xml version="1.0" encoding="UTF-8"?>
<!-- Generated by org.testng.reporters.JUnitXMLReporter -->
<testsuite ignored="0" hostname="LAPTOP-VFKJ2SC9" failures="1" tests="24" name="Test" time="1413.02" errors="0" timestamp="2023-08-21T22:01:27 IST">
  <testcase classname="Client.ClientAccountCreation" name="AccountCreationWith_NoPackage" time="42.103"/>
  <testcase classname="Client.ClientAccountCreation" name="AccountCreationWith_FreeTrailPack" time="50.653"/>
  <testcase classname="Client.ClientAccountCreation" name="AccountCreationWith_PurchaseClassPackWith_PromoCodeAndSelfCard" time="58.559"/>
  <testcase classname="Client.ClientAccountCreation" name="AccountCreationWith_PurchaseClassPackWith_PromoCodeAndRelativeCard" time="57.926"/>
  <testcase classname="Client.ClientAccountCreation" name="AccountCreationWith_PurchaseClassPackWith_NoPromoCodeAndSelfCard" time="32.798"/>
  <testcase classname="Client.ClientAccountCreation" name="AccountCreationWith_PurchaseClassPackWith_NoPromoCodeAndRelativeCard" time="55.548"/>
  <testcase classname="Client.ClientAccountCreation" name="AccountCreationWith_PurchaseMemPackWith_PromoCodeAndSelfCard" time="54.436"/>
  <testcase classname="Client.ClientAccountCreation" name="AccountCreationWith_PurchaseMemPackWith_PromoCodeAndRelativeCard" time="56.567"/>
  <testcase classname="Client.ClientAccountCreation" name="AccountCreationWith_PurchaseMemPackWith_NoPromoCodeAndSelfCard" time="33.931"/>
  <testcase classname="Client.ClientAccountCreation" name="AccountCreationWith_PurchaseUnlimitedMemWith_PromoCodeAndSelfCard" time="57.858"/>
  <testcase classname="Client.ClientAccountCreation" name="AccountCreationWith_PurchaseUnlimitedMemWith_PromoCodeAndRelativeCard" time="56.134"/>
  <testcase classname="Client.ClientAccountCreation" name="AccountCreationWith_PurchaseUnlimitedMemWith_NoPromoCodeAndSelfCard" time="51.76"/>
  <testcase classname="Client.ClientAccountCreation" name="AccountCreationWith_FreeFirstMonthMemPack" time="53.745"/>
  <testcase classname="Client.ClientAccountCreation" name="AccountCreationWith_PurchaseClassAndMemPackWith_MemPromoCode" time="54.24"/>
  <testcase classname="Client.ClientAccountCreation" name="AccountCreationWith_PurchaseClassAndMemPackWith_ClassPromoCode" time="53.419"/>
  <testcase classname="Client.ClientAccountCreation" name="AccountCreationWith_PurchaseClassAndMemPack" time="55.558"/>
  <testcase classname="Client.ClientAccountSignUp" name="SignUp_AccountCreationWith_NoPackage" time="43.227">
    <failure type="org.openqa.selenium.TimeoutException" message="Expected condition failed: waiting for invisibility of [[ChromeDriver: chrome on windows (a6924d63d8eb7d2fda07a6b0c55d501f)] -&amp;gt; css selector: div[class=&amp;apos;MuiAlert-message&amp;apos;]] (tried for 30 second(s) with 500 milliseconds interval)
Build info: version: &amp;apos;4.11.0&amp;apos;, revision: &amp;apos;040bc5406b&amp;apos;
System info: os.name: &amp;apos;Windows 10&amp;apos;, os.arch: &amp;apos;amd64&amp;apos;, os.version: &amp;apos;10.0&amp;apos;, java.version: &amp;apos;17.0.6&amp;apos;
Driver info: org.openqa.selenium.chrome.ChromeDriver
Capabilities {acceptInsecureCerts: false, browserName: chrome, browserVersion: 115.0.5790.173, chrome: {chromedriverVersion: 115.0.5790.170 (cc0d30c2ca5..., userDataDir: C:\Users\JYOTI_~1\AppData\L...}, goog:chromeOptions: {debuggerAddress: localhost:63364}, networkConnectionEnabled: false, pageLoadStrategy: normal, platformName: windows, proxy: Proxy(), se:cdp: ws://localhost:63364/devtoo..., se:cdpVersion: 115.0.5790.173, setWindowRect: true, strictFileInteractability: false, timeouts: {implicit: 0, pageLoad: 300000, script: 30000}, unhandledPromptBehavior: dismiss and notify, webauthn:extension:credBlob: true, webauthn:extension:largeBlob: true, webauthn:extension:minPinLength: true, webauthn:extension:prf: true, webauthn:virtualAuthenticators: true}
Session ID: a6924d63d8eb7d2fda07a6b0c55d501f">
      <![CDATA[org.openqa.selenium.TimeoutException: Expected condition failed: waiting for invisibility of [[ChromeDriver: chrome on windows (a6924d63d8eb7d2fda07a6b0c55d501f)] -> css selector: div[class='MuiAlert-message']] (tried for 30 second(s) with 500 milliseconds interval)
Build info: version: '4.11.0', revision: '040bc5406b'
System info: os.name: 'Windows 10', os.arch: 'amd64', os.version: '10.0', java.version: '17.0.6'
Driver info: org.openqa.selenium.chrome.ChromeDriver
Capabilities {acceptInsecureCerts: false, browserName: chrome, browserVersion: 115.0.5790.173, chrome: {chromedriverVersion: 115.0.5790.170 (cc0d30c2ca5..., userDataDir: C:\Users\JYOTI_~1\AppData\L...}, goog:chromeOptions: {debuggerAddress: localhost:63364}, networkConnectionEnabled: false, pageLoadStrategy: normal, platformName: windows, proxy: Proxy(), se:cdp: ws://localhost:63364/devtoo..., se:cdpVersion: 115.0.5790.173, setWindowRect: true, strictFileInteractability: false, timeouts: {implicit: 0, pageLoad: 300000, script: 30000}, unhandledPromptBehavior: dismiss and notify, webauthn:extension:credBlob: true, webauthn:extension:largeBlob: true, webauthn:extension:minPinLength: true, webauthn:extension:prf: true, webauthn:virtualAuthenticators: true}
Session ID: a6924d63d8eb7d2fda07a6b0c55d501f
at org.openqa.selenium.support.ui.WebDriverWait.timeoutException(WebDriverWait.java:84)
at org.openqa.selenium.support.ui.FluentWait.until(FluentWait.java:230)
at Abstract.Abstract_Component.waitForInvisibilityOfWebElement(Abstract_Component.java:73)
at Page_Objects.ClientSignUp.skipPackage_Term1Checkbox(ClientSignUp.java:330)
at Client.ClientAccountSignUp.SignUp_AccountCreationWith_NoPackage(ClientAccountSignUp.java:48)
at java.base/java.util.ArrayList.forEach(ArrayList.java:1511)
... Removed 31 stack frames]]>
    </failure>
  </testcase> <!-- SignUp_AccountCreationWith_NoPackage -->
  <testcase classname="Client.ClientAccountSignUp" name="SignUp_AccountCreationWith_FreeTrailPack" time="48.112"/>
  <testcase classname="Client.ClientAccountSignUp" name="SignUp_AccountCreationWith_PurchaseClassPack" time="58.912"/>
  <testcase classname="Client.ClientAccountSignUp" name="SignUp_AccountCreationWith_PurchaseMemPack" time="59.028"/>
  <testcase classname="Client.ClientAccountSignUp" name="SignUp_AccountCreationWith_PurchaseUnlimitedMem" time="62.337"/>
  <testcase classname="Client.ClientAccountSignUp" name="SignUp_AccountCreationWith_FreeFirstMonthMemPack" time="52.144"/>
  <testcase classname="Client.ClientAccountSignUp" name="SignUp_AccountCreationWith_PurchaseClassAndMemPack" time="54.275"/>
  <testcase classname="Client.ClientAccountSignUp" name="SignUp_AccountCreationWith_PurchaseClassAndMemPack_ClassPackPromoCode" time="55.365"/>
</testsuite> <!-- Test -->
