<?xml version="1.0" encoding="UTF-8"?>
<testng-results ignored="0" total="4" passed="3" failed="1" skipped="0">
  <reporter-output>
  </reporter-output>
  <suite started-at="2023-07-26T06:31:52 IST" name="Suite" finished-at="2023-07-26T06:34:16 IST" duration-ms="144053">
    <groups>
    </groups>
    <test started-at="2023-07-26T06:31:52 IST" name="Test" finished-at="2023-07-26T06:34:16 IST" duration-ms="144053">
      <class name="Client.ClientAccountCreation">
        <test-method is-config="true" signature="initialize()[pri:0, instance:Client.ClientAccountCreation@53fdffa1]" started-at="2023-07-26T06:31:52 IST" name="initialize" finished-at="2023-07-26T06:32:05 IST" duration-ms="12448" status="PASS">
          <reporter-output>
          </reporter-output>
        </test-method> <!-- initialize -->
        <test-method signature="AccountCreationWith_FreeClassPack()[pri:0, instance:Client.ClientAccountCreation@53fdffa1]" started-at="2023-07-26T06:32:05 IST" name="AccountCreationWith_FreeClassPack" finished-at="2023-07-26T06:32:41 IST" duration-ms="35910" status="FAIL">
          <exception class="org.openqa.selenium.TimeoutException">
            <message>
              <![CDATA[Expected condition failed: waiting for element to be clickable: [[ChromeDriver: chrome on windows (104c321343e824784c41d0dbdbaacbd4)] -> xpath: //div/div[2]/div/p/div/div/div/div/div[6]/div/div/ul/li[2]/div] (tried for 30 second(s) with 500 milliseconds interval)
Build info: version: '4.10.0', revision: 'c14d967899'
System info: os.name: 'Windows 10', os.arch: 'amd64', os.version: '10.0', java.version: '17.0.6'
Driver info: org.openqa.selenium.chrome.ChromeDriver
Capabilities {acceptInsecureCerts: false, browserName: chrome, browserVersion: 115.0.5790.102, chrome: {chromedriverVersion: 115.0.5790.102 (90efd4b0ad6..., userDataDir: C:\Users\JYOTI_~1\AppData\L...}, goog:chromeOptions: {debuggerAddress: localhost:64335}, networkConnectionEnabled: false, pageLoadStrategy: normal, platformName: windows, proxy: Proxy(), se:cdp: ws://localhost:64335/devtoo..., se:cdpVersion: 115.0.5790.102, setWindowRect: true, strictFileInteractability: false, timeouts: {implicit: 0, pageLoad: 300000, script: 30000}, unhandledPromptBehavior: dismiss and notify, webauthn:extension:credBlob: true, webauthn:extension:largeBlob: true, webauthn:extension:minPinLength: true, webauthn:extension:prf: true, webauthn:virtualAuthenticators: true}
Session ID: 104c321343e824784c41d0dbdbaacbd4]]>
            </message>
            <full-stacktrace>
              <![CDATA[org.openqa.selenium.TimeoutException: Expected condition failed: waiting for element to be clickable: [[ChromeDriver: chrome on windows (104c321343e824784c41d0dbdbaacbd4)] -> xpath: //div/div[2]/div/p/div/div/div/div/div[6]/div/div/ul/li[2]/div] (tried for 30 second(s) with 500 milliseconds interval)
Build info: version: '4.10.0', revision: 'c14d967899'
System info: os.name: 'Windows 10', os.arch: 'amd64', os.version: '10.0', java.version: '17.0.6'
Driver info: org.openqa.selenium.chrome.ChromeDriver
Capabilities {acceptInsecureCerts: false, browserName: chrome, browserVersion: 115.0.5790.102, chrome: {chromedriverVersion: 115.0.5790.102 (90efd4b0ad6..., userDataDir: C:\Users\JYOTI_~1\AppData\L...}, goog:chromeOptions: {debuggerAddress: localhost:64335}, networkConnectionEnabled: false, pageLoadStrategy: normal, platformName: windows, proxy: Proxy(), se:cdp: ws://localhost:64335/devtoo..., se:cdpVersion: 115.0.5790.102, setWindowRect: true, strictFileInteractability: false, timeouts: {implicit: 0, pageLoad: 300000, script: 30000}, unhandledPromptBehavior: dismiss and notify, webauthn:extension:credBlob: true, webauthn:extension:largeBlob: true, webauthn:extension:minPinLength: true, webauthn:extension:prf: true, webauthn:virtualAuthenticators: true}
Session ID: 104c321343e824784c41d0dbdbaacbd4
at org.openqa.selenium.support.ui.WebDriverWait.timeoutException(WebDriverWait.java:84)
at org.openqa.selenium.support.ui.FluentWait.until(FluentWait.java:230)
at Abstract.Abstract_Component.waitForElementToBeClickable(Abstract_Component.java:50)
at Page_Objects.ClientSignUp.zero$classPack(ClientSignUp.java:178)
at Client.ClientAccountCreation.AccountCreationWith_FreeClassPack(ClientAccountCreation.java:46)
at java.base/jdk.internal.reflect.NativeMethodAccessorImpl.invoke0(Native Method)
at java.base/jdk.internal.reflect.NativeMethodAccessorImpl.invoke(NativeMethodAccessorImpl.java:77)
at java.base/jdk.internal.reflect.DelegatingMethodAccessorImpl.invoke(DelegatingMethodAccessorImpl.java:43)
at java.base/java.lang.reflect.Method.invoke(Method.java:568)
at org.testng.internal.invokers.MethodInvocationHelper.invokeMethod(MethodInvocationHelper.java:139)
at org.testng.internal.invokers.TestInvoker.invokeMethod(TestInvoker.java:677)
at org.testng.internal.invokers.TestInvoker.invokeTestMethod(TestInvoker.java:221)
at org.testng.internal.invokers.MethodRunner.runInSequence(MethodRunner.java:50)
at org.testng.internal.invokers.TestInvoker$MethodInvocationAgent.invoke(TestInvoker.java:969)
at org.testng.internal.invokers.TestInvoker.invokeTestMethods(TestInvoker.java:194)
at org.testng.internal.invokers.TestMethodWorker.invokeTestMethods(TestMethodWorker.java:148)
at org.testng.internal.invokers.TestMethodWorker.run(TestMethodWorker.java:128)
at java.base/java.util.ArrayList.forEach(ArrayList.java:1511)
at org.testng.TestRunner.privateRun(TestRunner.java:829)
at org.testng.TestRunner.run(TestRunner.java:602)
at org.testng.SuiteRunner.runTest(SuiteRunner.java:437)
at org.testng.SuiteRunner.runSequentially(SuiteRunner.java:431)
at org.testng.SuiteRunner.privateRun(SuiteRunner.java:391)
at org.testng.SuiteRunner.run(SuiteRunner.java:330)
at org.testng.SuiteRunnerWorker.runSuite(SuiteRunnerWorker.java:52)
at org.testng.SuiteRunnerWorker.run(SuiteRunnerWorker.java:95)
at org.testng.TestNG.runSuitesSequentially(TestNG.java:1256)
at org.testng.TestNG.runSuitesLocally(TestNG.java:1176)
at org.testng.TestNG.runSuites(TestNG.java:1099)
at org.testng.TestNG.run(TestNG.java:1067)
at org.apache.maven.surefire.testng.TestNGExecutor.run(TestNGExecutor.java:283)
at org.apache.maven.surefire.testng.TestNGXmlTestSuite.execute(TestNGXmlTestSuite.java:75)
at org.apache.maven.surefire.testng.TestNGProvider.invoke(TestNGProvider.java:120)
at org.apache.maven.surefire.booter.ForkedBooter.invokeProviderInSameClassLoader(ForkedBooter.java:384)
at org.apache.maven.surefire.booter.ForkedBooter.runSuitesInProcess(ForkedBooter.java:345)
at org.apache.maven.surefire.booter.ForkedBooter.execute(ForkedBooter.java:126)
at org.apache.maven.surefire.booter.ForkedBooter.main(ForkedBooter.java:418)
]]>
            </full-stacktrace>
          </exception> <!-- org.openqa.selenium.TimeoutException -->
          <reporter-output>
          </reporter-output>
        </test-method> <!-- AccountCreationWith_FreeClassPack -->
        <test-method is-config="true" signature="tearDown()[pri:0, instance:Client.ClientAccountCreation@53fdffa1]" started-at="2023-07-26T06:32:41 IST" name="tearDown" finished-at="2023-07-26T06:32:41 IST" duration-ms="71" status="PASS">
          <reporter-output>
          </reporter-output>
        </test-method> <!-- tearDown -->
        <test-method is-config="true" signature="initialize()[pri:0, instance:Client.ClientAccountCreation@53fdffa1]" started-at="2023-07-26T06:32:41 IST" name="initialize" finished-at="2023-07-26T06:32:52 IST" duration-ms="11131" status="PASS">
          <reporter-output>
          </reporter-output>
        </test-method> <!-- initialize -->
        <test-method signature="AccountCreationWith_NoPackage()[pri:0, instance:Client.ClientAccountCreation@53fdffa1]" started-at="2023-07-26T06:32:52 IST" name="AccountCreationWith_NoPackage" finished-at="2023-07-26T06:33:23 IST" duration-ms="31218" status="PASS">
          <reporter-output>
          </reporter-output>
        </test-method> <!-- AccountCreationWith_NoPackage -->
        <test-method is-config="true" signature="tearDown()[pri:0, instance:Client.ClientAccountCreation@53fdffa1]" started-at="2023-07-26T06:33:23 IST" name="tearDown" finished-at="2023-07-26T06:33:23 IST" duration-ms="56" status="PASS">
          <reporter-output>
          </reporter-output>
        </test-method> <!-- tearDown -->
        <test-method is-config="true" signature="initialize()[pri:0, instance:Client.ClientAccountCreation@53fdffa1]" started-at="2023-07-26T06:33:23 IST" name="initialize" finished-at="2023-07-26T06:33:34 IST" duration-ms="10655" status="PASS">
          <reporter-output>
          </reporter-output>
        </test-method> <!-- initialize -->
        <test-method signature="AccountCreationWith_PurchaseClassPack()[pri:0, instance:Client.ClientAccountCreation@53fdffa1]" started-at="2023-07-26T06:33:34 IST" name="AccountCreationWith_PurchaseClassPack" finished-at="2023-07-26T06:33:50 IST" duration-ms="16290" status="PASS">
          <reporter-output>
          </reporter-output>
        </test-method> <!-- AccountCreationWith_PurchaseClassPack -->
        <test-method is-config="true" signature="tearDown()[pri:0, instance:Client.ClientAccountCreation@53fdffa1]" started-at="2023-07-26T06:33:50 IST" name="tearDown" finished-at="2023-07-26T06:33:50 IST" duration-ms="58" status="PASS">
          <reporter-output>
          </reporter-output>
        </test-method> <!-- tearDown -->
        <test-method is-config="true" signature="initialize()[pri:0, instance:Client.ClientAccountCreation@53fdffa1]" started-at="2023-07-26T06:33:50 IST" name="initialize" finished-at="2023-07-26T06:34:01 IST" duration-ms="11131" status="PASS">
          <reporter-output>
          </reporter-output>
        </test-method> <!-- initialize -->
        <test-method signature="AccountCreationWith_PurchaseMembership()[pri:0, instance:Client.ClientAccountCreation@53fdffa1]" started-at="2023-07-26T06:34:01 IST" name="AccountCreationWith_PurchaseMembership" finished-at="2023-07-26T06:34:16 IST" duration-ms="14926" status="PASS">
          <reporter-output>
          </reporter-output>
        </test-method> <!-- AccountCreationWith_PurchaseMembership -->
        <test-method is-config="true" signature="tearDown()[pri:0, instance:Client.ClientAccountCreation@53fdffa1]" started-at="2023-07-26T06:34:16 IST" name="tearDown" finished-at="2023-07-26T06:34:16 IST" duration-ms="46" status="PASS">
          <reporter-output>
          </reporter-output>
        </test-method> <!-- tearDown -->
      </class> <!-- Client.ClientAccountCreation -->
    </test> <!-- Test -->
  </suite> <!-- Suite -->
</testng-results>
