<?xml version="1.0" encoding="UTF-8"?>
<testsuite xmlns:xsi="http://www.w3.org/2001/XMLSchema-instance" xsi:noNamespaceSchemaLocation="https://maven.apache.org/surefire/maven-surefire-plugin/xsd/surefire-test-report.xsd" name="TestSuite" time="414.553" tests="7" errors="0" skipped="0" failures="1">
  <properties>
[...]
</properties>
  <testcase name="AccountCreationWith_NoPackage" classname="Client.ClientAccountCreation" time="44.86">
    <failure message="Expected condition failed: waiting for invisibility of [[ChromeDriver: chrome on windows (8fb086f1bdb2bdbed89ca1fdd231f2a9)] -&gt; css selector: div[class=&apos;MuiAlert-message&apos;]] (tried for 30 second(s) with 500 milliseconds interval)&#10;Build info: version: &apos;4.10.0&apos;, revision: &apos;c14d967899&apos;&#10;System info: os.name: &apos;Windows 10&apos;, os.arch: &apos;amd64&apos;, os.version: &apos;10.0&apos;, java.version: &apos;17.0.6&apos;&#10;Driver info: org.openqa.selenium.chrome.ChromeDriver&#10;Capabilities {acceptInsecureCerts: false, browserName: chrome, browserVersion: 115.0.5790.111, chrome: {chromedriverVersion: 115.0.5790.170 (cc0d30c2ca5..., userDataDir: C:\Users\JYOTI_~1\AppData\L...}, goog:chromeOptions: {debuggerAddress: localhost:60902}, networkConnectionEnabled: false, pageLoadStrategy: normal, platformName: windows, proxy: Proxy(), se:cdp: ws://localhost:60902/devtoo..., se:cdpVersion: 115.0.5790.111, setWindowRect: true, strictFileInteractability: false, timeouts: {implicit: 0, pageLoad: 300000, script: 30000}, unhandledPromptBehavior: dismiss and notify, webauthn:extension:credBlob: true, webauthn:extension:largeBlob: true, webauthn:extension:minPinLength: true, webauthn:extension:prf: true, webauthn:virtualAuthenticators: true}&#10;Session ID: 8fb086f1bdb2bdbed89ca1fdd231f2a9" type="org.openqa.selenium.TimeoutException">org.openqa.selenium.TimeoutException: 
Expected condition failed: waiting for invisibility of [[ChromeDriver: chrome on windows (8fb086f1bdb2bdbed89ca1fdd231f2a9)] -> css selector: div[class='MuiAlert-message']] (tried for 30 second(s) with 500 milliseconds interval)
Build info: version: '4.10.0', revision: 'c14d967899'
System info: os.name: 'Windows 10', os.arch: 'amd64', os.version: '10.0', java.version: '17.0.6'
Driver info: org.openqa.selenium.chrome.ChromeDriver
Capabilities {acceptInsecureCerts: false, browserName: chrome, browserVersion: 115.0.5790.111, chrome: {chromedriverVersion: 115.0.5790.170 (cc0d30c2ca5..., userDataDir: C:\Users\JYOTI_~1\AppData\L...}, goog:chromeOptions: {debuggerAddress: localhost:60902}, networkConnectionEnabled: false, pageLoadStrategy: normal, platformName: windows, proxy: Proxy(), se:cdp: ws://localhost:60902/devtoo..., se:cdpVersion: 115.0.5790.111, setWindowRect: true, strictFileInteractability: false, timeouts: {implicit: 0, pageLoad: 300000, script: 30000}, unhandledPromptBehavior: dismiss and notify, webauthn:extension:credBlob: true, webauthn:extension:largeBlob: true, webauthn:extension:minPinLength: true, webauthn:extension:prf: true, webauthn:virtualAuthenticators: true}
Session ID: 8fb086f1bdb2bdbed89ca1fdd231f2a9
	at Client.ClientAccountCreation.AccountCreationWith_NoPackage(ClientAccountCreation.java:51)
</failure>
    <system-err><![CDATA[2733 [main] INFO io.github.bonigarcia.wdm.WebDriverManager - Using chromedriver 115.0.5790.170 (resolved driver for Chrome 115)
2782 [main] INFO io.github.bonigarcia.wdm.WebDriverManager - Exporting webdriver.chrome.driver as C:\Users\jyoti_xfiqe3z\.cache\selenium\chromedriver\win64\115.0.5790.170\chromedriver.exe
Aug 06, 2023 5:11:59 PM org.openqa.selenium.remote.service.DriverService$Builder getLogOutput
INFO: Driver logs no longer sent to console by default; https://www.selenium.dev/documentation/webdriver/drivers/service/#setting-log-output
Aug 06, 2023 5:12:02 PM org.openqa.selenium.devtools.CdpVersionFinder findNearestMatch
WARNING: Unable to find an exact match for CDP version 115, so returning the closest version found: 114
]]></system-err>
  </testcase>
  <testcase name="AccountCreationWith_FreeTrailPack" classname="Client.ClientAccountCreation" time="51.26"/>
  <testcase name="AccountCreationWith_PurchaseClassPack" classname="Client.ClientAccountCreation" time="56.158"/>
  <testcase name="AccountCreationWith_PurchaseMemPack" classname="Client.ClientAccountCreation" time="53.588"/>
  <testcase name="AccountCreationWith_PurchaseUnlimitedMem" classname="Client.ClientAccountCreation" time="54.101"/>
  <testcase name="AccountCreationWith_FreeFirstMonthMemPack" classname="Client.ClientAccountCreation" time="54.599"/>
  <testcase name="AccountCreationWith_PurchaseClassAndMemPack" classname="Client.ClientAccountCreation" time="53.811"/>
</testsuite>